0 info it worked if it ends with ok
1 verbose cli [ '/usr/local/Cellar/node/7.9.0/bin/node',
1 verbose cli   '/Users/gauravbhola/.npm-packages/bin/npm',
1 verbose cli   'run',
1 verbose cli   'start' ]
2 info using npm@4.1.2
3 info using node@v7.9.0
4 verbose run-script [ 'prestart', 'start', 'poststart' ]
5 info lifecycle webapp@0.1.0~prestart: webapp@0.1.0
6 silly lifecycle webapp@0.1.0~prestart: no script for prestart, continuing
7 info lifecycle webapp@0.1.0~start: webapp@0.1.0
8 verbose lifecycle webapp@0.1.0~start: unsafe-perm in lifecycle true
9 verbose lifecycle webapp@0.1.0~start: PATH: /Users/gauravbhola/.npm-packages/lib/node_modules/npm/bin/node-gyp-bin:/Users/gauravbhola/Documents/bluestacks/quest/webapp/node_modules/.bin:/Users/gauravbhola/Downloads/google-cloud-sdk/bin:/Users/gauravbhola/Library/Android/sdk/platform-tools:/usr/local/bin:/usr/bin:/bin:/usr/sbin:/sbin:/opt/X11/bin:/usr/local/git/bin:/usr/local/go/bin:/Users/gauravbhola/Downloads/s3cmd-1.6.0:/Users/gauravbhola/.npm-packages/bin:/usr/local/mysql/bin
10 verbose lifecycle webapp@0.1.0~start: CWD: /Users/gauravbhola/Documents/bluestacks/quest/webapp
11 silly lifecycle webapp@0.1.0~start: Args: [ '-c',
11 silly lifecycle   'cross-env --REACT_APP_API_URL=http://localhost:5000/api node scripts/start.js' ]
12 silly lifecycle webapp@0.1.0~start: Returned: code: 1  signal: null
13 info lifecycle webapp@0.1.0~start: Failed to exec start script
14 verbose stack Error: webapp@0.1.0 start: `cross-env --REACT_APP_API_URL=http://localhost:5000/api node scripts/start.js`
14 verbose stack Exit status 1
14 verbose stack     at EventEmitter.<anonymous> (/Users/gauravbhola/.npm-packages/lib/node_modules/npm/lib/utils/lifecycle.js:279:16)
14 verbose stack     at emitTwo (events.js:106:13)
14 verbose stack     at EventEmitter.emit (events.js:194:7)
14 verbose stack     at ChildProcess.<anonymous> (/Users/gauravbhola/.npm-packages/lib/node_modules/npm/lib/utils/spawn.js:40:14)
14 verbose stack     at emitTwo (events.js:106:13)
14 verbose stack     at ChildProcess.emit (events.js:194:7)
14 verbose stack     at maybeClose (internal/child_process.js:899:16)
14 verbose stack     at Process.ChildProcess._handle.onexit (internal/child_process.js:226:5)
15 verbose pkgid webapp@0.1.0
16 verbose cwd /Users/gauravbhola/Documents/bluestacks/quest/webapp
17 error Darwin 16.7.0
18 error argv "/usr/local/Cellar/node/7.9.0/bin/node" "/Users/gauravbhola/.npm-packages/bin/npm" "run" "start"
19 error node v7.9.0
20 error npm  v4.1.2
21 error code ELIFECYCLE
22 error webapp@0.1.0 start: `cross-env --REACT_APP_API_URL=http://localhost:5000/api node scripts/start.js`
22 error Exit status 1
23 error Failed at the webapp@0.1.0 start script 'cross-env --REACT_APP_API_URL=http://localhost:5000/api node scripts/start.js'.
23 error Make sure you have the latest version of node.js and npm installed.
23 error If you do, this is most likely a problem with the webapp package,
23 error not with npm itself.
23 error Tell the author that this fails on your system:
23 error     cross-env --REACT_APP_API_URL=http://localhost:5000/api node scripts/start.js
23 error You can get information on how to open an issue for this project with:
23 error     npm bugs webapp
23 error Or if that isn't available, you can get their info via:
23 error     npm owner ls webapp
23 error There is likely additional logging output above.
24 verbose exit [ 1, true ]
